<?xml version="1.0" encoding="UTF-8"?>
<coverage generated="1427769241">
  <project timestamp="1427769241">
    <file name="/vagrant/project/foobar-trade-processor/bootstrap.php">
      <line num="22" type="stmt" count="1"/>
      <line num="23" type="stmt" count="1"/>
      <line num="24" type="stmt" count="1"/>
      <line num="25" type="stmt" count="1"/>
      <line num="27" type="stmt" count="1"/>
      <line num="28" type="stmt" count="1"/>
      <line num="29" type="stmt" count="1"/>
      <line num="30" type="stmt" count="1"/>
      <line num="31" type="stmt" count="1"/>
      <metrics loc="33" ncloc="20" classes="0" methods="0" coveredmethods="0" conditionals="0" coveredconditionals="0" statements="9" coveredstatements="9" elements="9" coveredelements="9"/>
    </file>
    <package name="Foobar">
      <file name="/vagrant/project/foobar-trade-processor/lib/Controller.php">
        <class name="Controller" namespace="Foobar">
          <metrics methods="5" coveredmethods="3" conditionals="0" coveredconditionals="0" statements="16" coveredstatements="12" elements="21" coveredelements="15"/>
        </class>
        <line num="33" type="method" name="factory" crap="2" count="2"/>
        <line num="37" type="stmt" count="2"/>
        <line num="38" type="stmt" count="2"/>
        <line num="39" type="stmt" count="1"/>
        <line num="40" type="stmt" count="1"/>
        <line num="41" type="stmt" count="1"/>
        <line num="45" type="stmt" count="1"/>
        <line num="49" type="stmt" count="2"/>
        <line num="50" type="stmt" count="2"/>
        <line num="52" type="stmt" count="2"/>
        <line num="58" type="method" name="index" crap="2" count="0"/>
        <line num="61" type="stmt" count="0"/>
        <line num="68" type="method" name="doAction" crap="2" count="0"/>
        <line num="72" type="stmt" count="0"/>
        <line num="73" type="stmt" count="0"/>
        <line num="75" type="stmt" count="0"/>
        <line num="83" type="method" name="getResult" crap="1" count="1"/>
        <line num="86" type="stmt" count="1"/>
        <line num="93" type="method" name="setRoute" crap="1" count="2"/>
        <line num="96" type="stmt" count="2"/>
        <line num="97" type="stmt" count="2"/>
        <metrics loc="99" ncloc="55" classes="1" methods="5" coveredmethods="3" conditionals="0" coveredconditionals="0" statements="16" coveredstatements="12" elements="21" coveredelements="15"/>
      </file>
      <file name="/vagrant/project/foobar-trade-processor/lib/Router.php">
        <class name="Router" namespace="Foobar">
          <metrics methods="12" coveredmethods="8" conditionals="0" coveredconditionals="0" statements="29" coveredstatements="22" elements="41" coveredelements="30"/>
        </class>
        <line num="34" type="method" name="getInstance" crap="3" count="4"/>
        <line num="37" type="stmt" count="4"/>
        <line num="40" type="stmt" count="4"/>
        <line num="42" type="stmt" count="4"/>
        <line num="43" type="stmt" count="4"/>
        <line num="44" type="stmt" count="4"/>
        <line num="46" type="stmt" count="4"/>
        <line num="53" type="method" name="getAction" crap="2" count="0"/>
        <line num="56" type="stmt" count="0"/>
        <line num="63" type="method" name="getController" crap="1" count="1"/>
        <line num="66" type="stmt" count="1"/>
        <line num="73" type="method" name="getModule" crap="1" count="2"/>
        <line num="76" type="stmt" count="2"/>
        <line num="83" type="method" name="getRequestGet" crap="1" count="1"/>
        <line num="86" type="stmt" count="1"/>
        <line num="93" type="method" name="getRequestPost" crap="1" count="1"/>
        <line num="96" type="stmt" count="1"/>
        <line num="103" type="method" name="parseFiles" crap="2" count="0"/>
        <line num="105" type="stmt" count="0"/>
        <line num="107" type="stmt" count="0"/>
        <line num="114" type="method" name="parseGet" crap="1" count="1"/>
        <line num="116" type="stmt" count="1"/>
        <line num="118" type="stmt" count="1"/>
        <line num="125" type="method" name="parsePost" crap="4" count="3"/>
        <line num="128" type="stmt" count="3"/>
        <line num="130" type="stmt" count="3"/>
        <line num="131" type="stmt" count="3"/>
        <line num="132" type="stmt" count="3"/>
        <line num="133" type="stmt" count="3"/>
        <line num="134" type="stmt" count="3"/>
        <line num="135" type="stmt" count="3"/>
        <line num="137" type="stmt" count="3"/>
        <line num="143" type="method" name="__construct" crap="1" count="4"/>
        <line num="145" type="stmt" count="4"/>
        <line num="146" type="stmt" count="4"/>
        <line num="151" type="method" name="__clone" crap="2" count="0"/>
        <line num="153" type="stmt" count="0"/>
        <line num="154" type="stmt" count="0"/>
        <line num="159" type="method" name="__wake" crap="2" count="0"/>
        <line num="161" type="stmt" count="0"/>
        <line num="162" type="stmt" count="0"/>
        <metrics loc="163" ncloc="104" classes="1" methods="12" coveredmethods="8" conditionals="0" coveredconditionals="0" statements="29" coveredstatements="22" elements="41" coveredelements="30"/>
      </file>
      <file name="/vagrant/project/foobar-trade-processor/lib/View.php">
        <class name="View" namespace="Foobar">
          <metrics methods="5" coveredmethods="2" conditionals="0" coveredconditionals="0" statements="18" coveredstatements="5" elements="23" coveredelements="7"/>
        </class>
        <line num="23" type="method" name="__construct" crap="2" count="0"/>
        <line num="26" type="stmt" count="0"/>
        <line num="27" type="stmt" count="0"/>
        <line num="32" type="method" name="getView" crap="1" count="1"/>
        <line num="35" type="stmt" count="1"/>
        <line num="36" type="stmt" count="1"/>
        <line num="38" type="stmt" count="1"/>
        <line num="41" type="method" name="render" crap="6" count="0"/>
        <line num="45" type="stmt" count="0"/>
        <line num="46" type="stmt" count="0"/>
        <line num="47" type="stmt" count="0"/>
        <line num="48" type="stmt" count="0"/>
        <line num="49" type="stmt" count="0"/>
        <line num="51" type="stmt" count="0"/>
        <line num="52" type="stmt" count="0"/>
        <line num="53" type="stmt" count="0"/>
        <line num="59" type="method" name="setController" crap="1" count="1"/>
        <line num="62" type="stmt" count="1"/>
        <line num="63" type="stmt" count="1"/>
        <line num="70" type="method" name="getTpl" crap="2" count="0"/>
        <line num="73" type="stmt" count="0"/>
        <line num="74" type="stmt" count="0"/>
        <line num="75" type="stmt" count="0"/>
        <metrics loc="75" ncloc="52" classes="1" methods="5" coveredmethods="2" conditionals="0" coveredconditionals="0" statements="18" coveredstatements="5" elements="23" coveredelements="7"/>
      </file>
    </package>
    <package name="Foobar\TradeProcessor">
      <file name="/vagrant/project/foobar-trade-processor/lib/TradeProcessor/DefaultController.php">
        <class name="DefaultController" namespace="Foobar\TradeProcessor">
          <metrics methods="1" coveredmethods="0" conditionals="0" coveredconditionals="0" statements="1" coveredstatements="0" elements="2" coveredelements="0"/>
        </class>
        <line num="21" type="method" name="index" crap="2" count="0"/>
        <line num="24" type="stmt" count="0"/>
        <metrics loc="25" ncloc="12" classes="1" methods="1" coveredmethods="0" conditionals="0" coveredconditionals="0" statements="1" coveredstatements="0" elements="2" coveredelements="0"/>
      </file>
    </package>
    <metrics files="5" loc="395" ncloc="243" classes="4" methods="23" coveredmethods="13" conditionals="0" coveredconditionals="0" statements="73" coveredstatements="48" elements="96" coveredelements="61"/>
  </project>
</coverage>
